{"/Users/sergei/Desktop/date-rabbit/app/app/_layout.tsx": {"path":"/Users/sergei/Desktop/date-rabbit/app/app/_layout.tsx","statementMap":{"0":{"start":{"line":7,"column":49},"end":{"line":7,"column":63}},"1":{"start":{"line":9,"column":2},"end":{"line":25,"column":4}},"2":{"start":{"line":28,"column":15},"end":{"line":45,"column":2}}},"fnMap":{"0":{"name":"RootLayout","decl":{"start":{"line":6,"column":24},"end":{"line":6,"column":34}},"loc":{"start":{"line":6,"column":37},"end":{"line":26,"column":1}},"line":6}},"branchMap":{"0":{"loc":{"start":{"line":14,"column":11},"end":{"line":20,"column":11}},"type":"cond-expr","locations":[{"start":{"line":15,"column":12},"end":{"line":15,"column":46}},{"start":{"line":16,"column":14},"end":{"line":20,"column":11}}],"line":14},"1":{"loc":{"start":{"line":16,"column":14},"end":{"line":20,"column":11}},"type":"cond-expr","locations":[{"start":{"line":17,"column":12},"end":{"line":17,"column":42}},{"start":{"line":19,"column":12},"end":{"line":19,"column":42}}],"line":16},"2":{"loc":{"start":{"line":37,"column":14},"end":{"line":37,"column":53}},"type":"cond-expr","locations":[{"start":{"line":37,"column":38},"end":{"line":37,"column":41}},{"start":{"line":37,"column":44},"end":{"line":37,"column":53}}],"line":37}},"s":{"0":0,"1":0,"2":0},"f":{"0":0},"b":{"0":[0,0],"1":[0,0],"2":[0,0]}}
,"/Users/sergei/Desktop/date-rabbit/app/app/index.tsx": {"path":"/Users/sergei/Desktop/date-rabbit/app/app/index.tsx","statementMap":{"0":{"start":{"line":8,"column":49},"end":{"line":8,"column":63}},"1":{"start":{"line":10,"column":2},"end":{"line":22,"column":43}},"2":{"start":{"line":11,"column":18},"end":{"line":19,"column":11}},"3":{"start":{"line":12,"column":6},"end":{"line":18,"column":7}},"4":{"start":{"line":13,"column":8},"end":{"line":13,"column":38}},"5":{"start":{"line":14,"column":13},"end":{"line":18,"column":7}},"6":{"start":{"line":15,"column":8},"end":{"line":15,"column":42}},"7":{"start":{"line":17,"column":8},"end":{"line":17,"column":34}},"8":{"start":{"line":21,"column":4},"end":{"line":21,"column":37}},"9":{"start":{"line":21,"column":17},"end":{"line":21,"column":36}},"10":{"start":{"line":24,"column":2},"end":{"line":28,"column":4}},"11":{"start":{"line":31,"column":15},"end":{"line":38,"column":2}}},"fnMap":{"0":{"name":"Index","decl":{"start":{"line":7,"column":24},"end":{"line":7,"column":29}},"loc":{"start":{"line":7,"column":32},"end":{"line":29,"column":1}},"line":7},"1":{"name":"(anonymous_1)","decl":{"start":{"line":10,"column":12},"end":{"line":10,"column":13}},"loc":{"start":{"line":10,"column":18},"end":{"line":22,"column":3}},"line":10},"2":{"name":"(anonymous_2)","decl":{"start":{"line":11,"column":29},"end":{"line":11,"column":30}},"loc":{"start":{"line":11,"column":35},"end":{"line":19,"column":5}},"line":11},"3":{"name":"(anonymous_3)","decl":{"start":{"line":21,"column":11},"end":{"line":21,"column":12}},"loc":{"start":{"line":21,"column":17},"end":{"line":21,"column":36}},"line":21}},"branchMap":{"0":{"loc":{"start":{"line":12,"column":6},"end":{"line":18,"column":7}},"type":"if","locations":[{"start":{"line":12,"column":6},"end":{"line":18,"column":7}},{"start":{"line":14,"column":13},"end":{"line":18,"column":7}}],"line":12},"1":{"loc":{"start":{"line":14,"column":13},"end":{"line":18,"column":7}},"type":"if","locations":[{"start":{"line":14,"column":13},"end":{"line":18,"column":7}},{"start":{"line":16,"column":13},"end":{"line":18,"column":7}}],"line":14}},"s":{"0":0,"1":0,"2":0,"3":0,"4":0,"5":0,"6":0,"7":0,"8":0,"9":0,"10":0,"11":0},"f":{"0":0,"1":0,"2":0,"3":0},"b":{"0":[0,0],"1":[0,0]}}
,"/Users/sergei/Desktop/date-rabbit/app/app/onboarding.tsx": {"path":"/Users/sergei/Desktop/date-rabbit/app/app/onboarding.tsx","statementMap":{"0":{"start":{"line":16,"column":18},"end":{"line":16,"column":42}},"1":{"start":{"line":18,"column":34},"end":{"line":43,"column":1}},"2":{"start":{"line":46,"column":42},"end":{"line":46,"column":53}},"3":{"start":{"line":47,"column":22},"end":{"line":47,"column":44}},"4":{"start":{"line":48,"column":18},"end":{"line":48,"column":55}},"5":{"start":{"line":49,"column":32},"end":{"line":49,"column":46}},"6":{"start":{"line":51,"column":21},"end":{"line":57,"column":3}},"7":{"start":{"line":52,"column":4},"end":{"line":56,"column":5}},"8":{"start":{"line":53,"column":6},"end":{"line":53,"column":70}},"9":{"start":{"line":55,"column":6},"end":{"line":55,"column":25}},"10":{"start":{"line":59,"column":27},"end":{"line":62,"column":3}},"11":{"start":{"line":60,"column":4},"end":{"line":60,"column":24}},"12":{"start":{"line":61,"column":4},"end":{"line":61,"column":38}},"13":{"start":{"line":64,"column":21},"end":{"line":66,"column":3}},"14":{"start":{"line":65,"column":4},"end":{"line":65,"column":23}},"15":{"start":{"line":68,"column":22},"end":{"line":74,"column":3}},"16":{"start":{"line":69,"column":4},"end":{"line":73,"column":11}},"17":{"start":{"line":76,"column":21},"end":{"line":105,"column":3}},"18":{"start":{"line":77,"column":4},"end":{"line":104,"column":11}},"19":{"start":{"line":79,"column":27},"end":{"line":83,"column":9}},"20":{"start":{"line":85,"column":25},"end":{"line":89,"column":10}},"21":{"start":{"line":91,"column":24},"end":{"line":95,"column":10}},"22":{"start":{"line":97,"column":8},"end":{"line":102,"column":10}},"23":{"start":{"line":107,"column":2},"end":{"line":149,"column":4}},"24":{"start":{"line":122,"column":32},"end":{"line":122,"column":39}},"25":{"start":{"line":131,"column":24},"end":{"line":133,"column":11}},"26":{"start":{"line":134,"column":10},"end":{"line":134,"column":33}},"27":{"start":{"line":152,"column":15},"end":{"line":203,"column":2}}},"fnMap":{"0":{"name":"OnboardingScreen","decl":{"start":{"line":45,"column":24},"end":{"line":45,"column":40}},"loc":{"start":{"line":45,"column":43},"end":{"line":150,"column":1}},"line":45},"1":{"name":"(anonymous_1)","decl":{"start":{"line":51,"column":21},"end":{"line":51,"column":22}},"loc":{"start":{"line":51,"column":27},"end":{"line":57,"column":3}},"line":51},"2":{"name":"(anonymous_2)","decl":{"start":{"line":59,"column":27},"end":{"line":59,"column":28}},"loc":{"start":{"line":59,"column":33},"end":{"line":62,"column":3}},"line":59},"3":{"name":"(anonymous_3)","decl":{"start":{"line":64,"column":21},"end":{"line":64,"column":22}},"loc":{"start":{"line":64,"column":27},"end":{"line":66,"column":3}},"line":64},"4":{"name":"(anonymous_4)","decl":{"start":{"line":68,"column":22},"end":{"line":68,"column":23}},"loc":{"start":{"line":69,"column":4},"end":{"line":73,"column":11}},"line":69},"5":{"name":"(anonymous_5)","decl":{"start":{"line":76,"column":21},"end":{"line":76,"column":22}},"loc":{"start":{"line":77,"column":4},"end":{"line":104,"column":11}},"line":77},"6":{"name":"(anonymous_6)","decl":{"start":{"line":78,"column":18},"end":{"line":78,"column":19}},"loc":{"start":{"line":78,"column":32},"end":{"line":103,"column":7}},"line":78},"7":{"name":"(anonymous_7)","decl":{"start":{"line":122,"column":22},"end":{"line":122,"column":23}},"loc":{"start":{"line":122,"column":32},"end":{"line":122,"column":39}},"line":122},"8":{"name":"(anonymous_8)","decl":{"start":{"line":130,"column":29},"end":{"line":130,"column":30}},"loc":{"start":{"line":130,"column":40},"end":{"line":135,"column":9}},"line":130}},"branchMap":{"0":{"loc":{"start":{"line":52,"column":4},"end":{"line":56,"column":5}},"type":"if","locations":[{"start":{"line":52,"column":4},"end":{"line":56,"column":5}},{"start":{"line":54,"column":11},"end":{"line":56,"column":5}}],"line":52},"1":{"loc":{"start":{"line":142,"column":17},"end":{"line":142,"column":76}},"type":"cond-expr","locations":[{"start":{"line":142,"column":54},"end":{"line":142,"column":67}},{"start":{"line":142,"column":70},"end":{"line":142,"column":76}}],"line":142}},"s":{"0":0,"1":0,"2":0,"3":0,"4":0,"5":0,"6":0,"7":0,"8":0,"9":0,"10":0,"11":0,"12":0,"13":0,"14":0,"15":0,"16":0,"17":0,"18":0,"19":0,"20":0,"21":0,"22":0,"23":0,"24":0,"25":0,"26":0,"27":0},"f":{"0":0,"1":0,"2":0,"3":0,"4":0,"5":0,"6":0,"7":0,"8":0},"b":{"0":[0,0],"1":[0,0]}}
,"/Users/sergei/Desktop/date-rabbit/app/app/(auth)/_layout.tsx": {"path":"/Users/sergei/Desktop/date-rabbit/app/app/(auth)/_layout.tsx","statementMap":{"0":{"start":{"line":4,"column":2},"end":{"line":11,"column":4}}},"fnMap":{"0":{"name":"AuthLayout","decl":{"start":{"line":3,"column":24},"end":{"line":3,"column":34}},"loc":{"start":{"line":3,"column":37},"end":{"line":12,"column":1}},"line":3}},"branchMap":{},"s":{"0":0},"f":{"0":0},"b":{}}
,"/Users/sergei/Desktop/date-rabbit/app/app/(auth)/login.tsx": {"path":"/Users/sergei/Desktop/date-rabbit/app/app/(auth)/login.tsx","statementMap":{"0":{"start":{"line":17,"column":24},"end":{"line":17,"column":38}},"1":{"start":{"line":18,"column":28},"end":{"line":18,"column":40}},"2":{"start":{"line":19,"column":34},"end":{"line":19,"column":46}},"3":{"start":{"line":20,"column":32},"end":{"line":20,"column":47}},"4":{"start":{"line":22,"column":22},"end":{"line":30,"column":3}},"5":{"start":{"line":23,"column":4},"end":{"line":23,"column":21}},"6":{"start":{"line":24,"column":4},"end":{"line":24,"column":60}},"7":{"start":{"line":24,"column":33},"end":{"line":24,"column":58}},"8":{"start":{"line":26,"column":17},"end":{"line":26,"column":74}},"9":{"start":{"line":27,"column":4},"end":{"line":27,"column":20}},"10":{"start":{"line":28,"column":4},"end":{"line":28,"column":22}},"11":{"start":{"line":29,"column":4},"end":{"line":29,"column":30}},"12":{"start":{"line":32,"column":26},"end":{"line":35,"column":3}},"13":{"start":{"line":33,"column":4},"end":{"line":33,"column":20}},"14":{"start":{"line":34,"column":4},"end":{"line":34,"column":30}},"15":{"start":{"line":37,"column":2},"end":{"line":115,"column":4}},"16":{"start":{"line":45,"column":25},"end":{"line":45,"column":38}},"17":{"start":{"line":99,"column":27},"end":{"line":99,"column":52}},"18":{"start":{"line":107,"column":27},"end":{"line":107,"column":50}},"19":{"start":{"line":118,"column":15},"end":{"line":220,"column":2}}},"fnMap":{"0":{"name":"LoginScreen","decl":{"start":{"line":16,"column":24},"end":{"line":16,"column":35}},"loc":{"start":{"line":16,"column":38},"end":{"line":116,"column":1}},"line":16},"1":{"name":"(anonymous_1)","decl":{"start":{"line":22,"column":22},"end":{"line":22,"column":23}},"loc":{"start":{"line":22,"column":34},"end":{"line":30,"column":3}},"line":22},"2":{"name":"(anonymous_2)","decl":{"start":{"line":24,"column":22},"end":{"line":24,"column":23}},"loc":{"start":{"line":24,"column":33},"end":{"line":24,"column":58}},"line":24},"3":{"name":"(anonymous_3)","decl":{"start":{"line":32,"column":26},"end":{"line":32,"column":27}},"loc":{"start":{"line":32,"column":55},"end":{"line":35,"column":3}},"line":32},"4":{"name":"(anonymous_4)","decl":{"start":{"line":45,"column":19},"end":{"line":45,"column":20}},"loc":{"start":{"line":45,"column":25},"end":{"line":45,"column":38}},"line":45},"5":{"name":"(anonymous_5)","decl":{"start":{"line":99,"column":21},"end":{"line":99,"column":22}},"loc":{"start":{"line":99,"column":27},"end":{"line":99,"column":52}},"line":99},"6":{"name":"(anonymous_6)","decl":{"start":{"line":107,"column":21},"end":{"line":107,"column":22}},"loc":{"start":{"line":107,"column":27},"end":{"line":107,"column":50}},"line":107}},"branchMap":{"0":{"loc":{"start":{"line":26,"column":17},"end":{"line":26,"column":74}},"type":"cond-expr","locations":[{"start":{"line":26,"column":57},"end":{"line":26,"column":65}},{"start":{"line":26,"column":68},"end":{"line":26,"column":74}}],"line":26},"1":{"loc":{"start":{"line":40,"column":16},"end":{"line":40,"column":60}},"type":"cond-expr","locations":[{"start":{"line":40,"column":40},"end":{"line":40,"column":49}},{"start":{"line":40,"column":52},"end":{"line":40,"column":60}}],"line":40}},"s":{"0":0,"1":0,"2":0,"3":0,"4":0,"5":0,"6":0,"7":0,"8":0,"9":0,"10":0,"11":0,"12":0,"13":0,"14":0,"15":0,"16":0,"17":0,"18":0,"19":0},"f":{"0":0,"1":0,"2":0,"3":0,"4":0,"5":0,"6":0},"b":{"0":[0,0],"1":[0,0]}}
,"/Users/sergei/Desktop/date-rabbit/app/app/(auth)/register.tsx": {"path":"/Users/sergei/Desktop/date-rabbit/app/app/(auth)/register.tsx","statementMap":{"0":{"start":{"line":19,"column":19},"end":{"line":19,"column":61}},"1":{"start":{"line":20,"column":24},"end":{"line":20,"column":38}},"2":{"start":{"line":22,"column":34},"end":{"line":29,"column":4}},"3":{"start":{"line":30,"column":32},"end":{"line":30,"column":47}},"4":{"start":{"line":32,"column":19},"end":{"line":32,"column":36}},"5":{"start":{"line":33,"column":21},"end":{"line":33,"column":35}},"6":{"start":{"line":35,"column":25},"end":{"line":42,"column":3}},"7":{"start":{"line":36,"column":4},"end":{"line":36,"column":21}},"8":{"start":{"line":38,"column":4},"end":{"line":38,"column":60}},"9":{"start":{"line":38,"column":33},"end":{"line":38,"column":58}},"10":{"start":{"line":39,"column":4},"end":{"line":39,"column":30}},"11":{"start":{"line":40,"column":4},"end":{"line":40,"column":22}},"12":{"start":{"line":41,"column":4},"end":{"line":41,"column":30}},"13":{"start":{"line":44,"column":22},"end":{"line":46,"column":3}},"14":{"start":{"line":45,"column":4},"end":{"line":45,"column":55}},"15":{"start":{"line":45,"column":25},"end":{"line":45,"column":52}},"16":{"start":{"line":48,"column":2},"end":{"line":166,"column":4}},"17":{"start":{"line":60,"column":25},"end":{"line":60,"column":38}},"18":{"start":{"line":80,"column":35},"end":{"line":80,"column":57}},"19":{"start":{"line":91,"column":35},"end":{"line":91,"column":58}},"20":{"start":{"line":103,"column":35},"end":{"line":103,"column":61}},"21":{"start":{"line":115,"column":37},"end":{"line":115,"column":58}},"22":{"start":{"line":126,"column":37},"end":{"line":126,"column":63}},"23":{"start":{"line":138,"column":37},"end":{"line":138,"column":65}},"24":{"start":{"line":169,"column":15},"end":{"line":245,"column":2}}},"fnMap":{"0":{"name":"RegisterScreen","decl":{"start":{"line":18,"column":24},"end":{"line":18,"column":38}},"loc":{"start":{"line":18,"column":41},"end":{"line":167,"column":1}},"line":18},"1":{"name":"(anonymous_1)","decl":{"start":{"line":35,"column":25},"end":{"line":35,"column":26}},"loc":{"start":{"line":35,"column":37},"end":{"line":42,"column":3}},"line":35},"2":{"name":"(anonymous_2)","decl":{"start":{"line":38,"column":22},"end":{"line":38,"column":23}},"loc":{"start":{"line":38,"column":33},"end":{"line":38,"column":58}},"line":38},"3":{"name":"(anonymous_3)","decl":{"start":{"line":44,"column":22},"end":{"line":44,"column":23}},"loc":{"start":{"line":44,"column":56},"end":{"line":46,"column":3}},"line":44},"4":{"name":"(anonymous_4)","decl":{"start":{"line":45,"column":16},"end":{"line":45,"column":17}},"loc":{"start":{"line":45,"column":25},"end":{"line":45,"column":52}},"line":45},"5":{"name":"(anonymous_5)","decl":{"start":{"line":60,"column":19},"end":{"line":60,"column":20}},"loc":{"start":{"line":60,"column":25},"end":{"line":60,"column":38}},"line":60},"6":{"name":"(anonymous_6)","decl":{"start":{"line":80,"column":28},"end":{"line":80,"column":29}},"loc":{"start":{"line":80,"column":35},"end":{"line":80,"column":57}},"line":80},"7":{"name":"(anonymous_7)","decl":{"start":{"line":91,"column":28},"end":{"line":91,"column":29}},"loc":{"start":{"line":91,"column":35},"end":{"line":91,"column":58}},"line":91},"8":{"name":"(anonymous_8)","decl":{"start":{"line":103,"column":28},"end":{"line":103,"column":29}},"loc":{"start":{"line":103,"column":35},"end":{"line":103,"column":61}},"line":103},"9":{"name":"(anonymous_9)","decl":{"start":{"line":115,"column":30},"end":{"line":115,"column":31}},"loc":{"start":{"line":115,"column":37},"end":{"line":115,"column":58}},"line":115},"10":{"name":"(anonymous_10)","decl":{"start":{"line":126,"column":30},"end":{"line":126,"column":31}},"loc":{"start":{"line":126,"column":37},"end":{"line":126,"column":63}},"line":126},"11":{"name":"(anonymous_11)","decl":{"start":{"line":138,"column":30},"end":{"line":138,"column":31}},"loc":{"start":{"line":138,"column":37},"end":{"line":138,"column":65}},"line":138}},"branchMap":{"0":{"loc":{"start":{"line":39,"column":14},"end":{"line":39,"column":28}},"type":"binary-expr","locations":[{"start":{"line":39,"column":14},"end":{"line":39,"column":18}},{"start":{"line":39,"column":22},"end":{"line":39,"column":28}}],"line":39},"1":{"loc":{"start":{"line":51,"column":16},"end":{"line":51,"column":60}},"type":"cond-expr","locations":[{"start":{"line":51,"column":40},"end":{"line":51,"column":49}},{"start":{"line":51,"column":52},"end":{"line":51,"column":60}}],"line":51},"2":{"loc":{"start":{"line":67,"column":11},"end":{"line":69,"column":44}},"type":"cond-expr","locations":[{"start":{"line":68,"column":14},"end":{"line":68,"column":51}},{"start":{"line":69,"column":14},"end":{"line":69,"column":44}}],"line":67},"3":{"loc":{"start":{"line":131,"column":11},"end":{"line":145,"column":11}},"type":"binary-expr","locations":[{"start":{"line":131,"column":11},"end":{"line":131,"column":19}},{"start":{"line":132,"column":12},"end":{"line":144,"column":19}}],"line":131}},"s":{"0":0,"1":0,"2":0,"3":0,"4":0,"5":0,"6":0,"7":0,"8":0,"9":0,"10":0,"11":0,"12":0,"13":0,"14":0,"15":0,"16":0,"17":0,"18":0,"19":0,"20":0,"21":0,"22":0,"23":0,"24":0},"f":{"0":0,"1":0,"2":0,"3":0,"4":0,"5":0,"6":0,"7":0,"8":0,"9":0,"10":0,"11":0},"b":{"0":[0,0],"1":[0,0],"2":[0,0],"3":[0,0]}}
,"/Users/sergei/Desktop/date-rabbit/app/app/(auth)/role-select.tsx": {"path":"/Users/sergei/Desktop/date-rabbit/app/app/(auth)/role-select.tsx","statementMap":{"0":{"start":{"line":7,"column":27},"end":{"line":12,"column":3}},"1":{"start":{"line":8,"column":4},"end":{"line":11,"column":7}},"2":{"start":{"line":14,"column":2},"end":{"line":66,"column":4}},"3":{"start":{"line":18,"column":23},"end":{"line":18,"column":36}},"4":{"start":{"line":31,"column":25},"end":{"line":31,"column":51}},"5":{"start":{"line":47,"column":25},"end":{"line":47,"column":49}},"6":{"start":{"line":69,"column":15},"end":{"line":156,"column":2}}},"fnMap":{"0":{"name":"RoleSelectScreen","decl":{"start":{"line":6,"column":24},"end":{"line":6,"column":40}},"loc":{"start":{"line":6,"column":43},"end":{"line":67,"column":1}},"line":6},"1":{"name":"(anonymous_1)","decl":{"start":{"line":7,"column":27},"end":{"line":7,"column":28}},"loc":{"start":{"line":7,"column":56},"end":{"line":12,"column":3}},"line":7},"2":{"name":"(anonymous_2)","decl":{"start":{"line":18,"column":17},"end":{"line":18,"column":18}},"loc":{"start":{"line":18,"column":23},"end":{"line":18,"column":36}},"line":18},"3":{"name":"(anonymous_3)","decl":{"start":{"line":31,"column":19},"end":{"line":31,"column":20}},"loc":{"start":{"line":31,"column":25},"end":{"line":31,"column":51}},"line":31},"4":{"name":"(anonymous_4)","decl":{"start":{"line":47,"column":19},"end":{"line":47,"column":20}},"loc":{"start":{"line":47,"column":25},"end":{"line":47,"column":49}},"line":47}},"branchMap":{},"s":{"0":0,"1":0,"2":0,"3":0,"4":0,"5":0,"6":0},"f":{"0":0,"1":0,"2":0,"3":0,"4":0},"b":{}}
,"/Users/sergei/Desktop/date-rabbit/app/app/(auth)/welcome.tsx": {"path":"/Users/sergei/Desktop/date-rabbit/app/app/(auth)/welcome.tsx","statementMap":{"0":{"start":{"line":8,"column":2},"end":{"line":45,"column":4}},"1":{"start":{"line":27,"column":25},"end":{"line":27,"column":59}},"2":{"start":{"line":34,"column":25},"end":{"line":34,"column":53}},"3":{"start":{"line":49,"column":2},"end":{"line":54,"column":4}},"4":{"start":{"line":57,"column":15},"end":{"line":116,"column":2}}},"fnMap":{"0":{"name":"WelcomeScreen","decl":{"start":{"line":7,"column":24},"end":{"line":7,"column":37}},"loc":{"start":{"line":7,"column":40},"end":{"line":46,"column":1}},"line":7},"1":{"name":"(anonymous_1)","decl":{"start":{"line":27,"column":19},"end":{"line":27,"column":20}},"loc":{"start":{"line":27,"column":25},"end":{"line":27,"column":59}},"line":27},"2":{"name":"(anonymous_2)","decl":{"start":{"line":34,"column":19},"end":{"line":34,"column":20}},"loc":{"start":{"line":34,"column":25},"end":{"line":34,"column":53}},"line":34},"3":{"name":"FeatureItem","decl":{"start":{"line":48,"column":9},"end":{"line":48,"column":20}},"loc":{"start":{"line":48,"column":69},"end":{"line":55,"column":1}},"line":48}},"branchMap":{},"s":{"0":0,"1":0,"2":0,"3":0,"4":0},"f":{"0":0,"1":0,"2":0,"3":0},"b":{}}
,"/Users/sergei/Desktop/date-rabbit/app/app/(tabs)/_layout.tsx": {"path":"/Users/sergei/Desktop/date-rabbit/app/app/(tabs)/_layout.tsx","statementMap":{"0":{"start":{"line":7,"column":36},"end":{"line":7,"column":50}},"1":{"start":{"line":9,"column":2},"end":{"line":11,"column":3}},"2":{"start":{"line":10,"column":4},"end":{"line":10,"column":47}},"3":{"start":{"line":13,"column":19},"end":{"line":13,"column":41}},"4":{"start":{"line":15,"column":2},"end":{"line":124,"column":4}},"5":{"start":{"line":40,"column":41},"end":{"line":40,"column":77}},"6":{"start":{"line":47,"column":41},"end":{"line":47,"column":77}},"7":{"start":{"line":54,"column":41},"end":{"line":54,"column":77}},"8":{"start":{"line":61,"column":41},"end":{"line":61,"column":77}},"9":{"start":{"line":68,"column":41},"end":{"line":68,"column":77}},"10":{"start":{"line":84,"column":41},"end":{"line":84,"column":77}},"11":{"start":{"line":91,"column":41},"end":{"line":91,"column":77}},"12":{"start":{"line":98,"column":41},"end":{"line":98,"column":77}},"13":{"start":{"line":105,"column":41},"end":{"line":105,"column":77}},"14":{"start":{"line":112,"column":41},"end":{"line":112,"column":77}},"15":{"start":{"line":128,"column":2},"end":{"line":128,"column":106}}},"fnMap":{"0":{"name":"TabsLayout","decl":{"start":{"line":6,"column":24},"end":{"line":6,"column":34}},"loc":{"start":{"line":6,"column":37},"end":{"line":125,"column":1}},"line":6},"1":{"name":"(anonymous_1)","decl":{"start":{"line":40,"column":26},"end":{"line":40,"column":27}},"loc":{"start":{"line":40,"column":41},"end":{"line":40,"column":77}},"line":40},"2":{"name":"(anonymous_2)","decl":{"start":{"line":47,"column":26},"end":{"line":47,"column":27}},"loc":{"start":{"line":47,"column":41},"end":{"line":47,"column":77}},"line":47},"3":{"name":"(anonymous_3)","decl":{"start":{"line":54,"column":26},"end":{"line":54,"column":27}},"loc":{"start":{"line":54,"column":41},"end":{"line":54,"column":77}},"line":54},"4":{"name":"(anonymous_4)","decl":{"start":{"line":61,"column":26},"end":{"line":61,"column":27}},"loc":{"start":{"line":61,"column":41},"end":{"line":61,"column":77}},"line":61},"5":{"name":"(anonymous_5)","decl":{"start":{"line":68,"column":26},"end":{"line":68,"column":27}},"loc":{"start":{"line":68,"column":41},"end":{"line":68,"column":77}},"line":68},"6":{"name":"(anonymous_6)","decl":{"start":{"line":84,"column":26},"end":{"line":84,"column":27}},"loc":{"start":{"line":84,"column":41},"end":{"line":84,"column":77}},"line":84},"7":{"name":"(anonymous_7)","decl":{"start":{"line":91,"column":26},"end":{"line":91,"column":27}},"loc":{"start":{"line":91,"column":41},"end":{"line":91,"column":77}},"line":91},"8":{"name":"(anonymous_8)","decl":{"start":{"line":98,"column":26},"end":{"line":98,"column":27}},"loc":{"start":{"line":98,"column":41},"end":{"line":98,"column":77}},"line":98},"9":{"name":"(anonymous_9)","decl":{"start":{"line":105,"column":26},"end":{"line":105,"column":27}},"loc":{"start":{"line":105,"column":41},"end":{"line":105,"column":77}},"line":105},"10":{"name":"(anonymous_10)","decl":{"start":{"line":112,"column":26},"end":{"line":112,"column":27}},"loc":{"start":{"line":112,"column":41},"end":{"line":112,"column":77}},"line":112},"11":{"name":"TabIcon","decl":{"start":{"line":127,"column":9},"end":{"line":127,"column":16}},"loc":{"start":{"line":127,"column":69},"end":{"line":129,"column":1}},"line":127}},"branchMap":{"0":{"loc":{"start":{"line":9,"column":2},"end":{"line":11,"column":3}},"type":"if","locations":[{"start":{"line":9,"column":2},"end":{"line":11,"column":3}},{"start":{},"end":{}}],"line":9},"1":{"loc":{"start":{"line":9,"column":6},"end":{"line":9,"column":31}},"type":"binary-expr","locations":[{"start":{"line":9,"column":6},"end":{"line":9,"column":22}},{"start":{"line":9,"column":26},"end":{"line":9,"column":31}}],"line":9},"2":{"loc":{"start":{"line":34,"column":7},"end":{"line":122,"column":7}},"type":"cond-expr","locations":[{"start":{"line":35,"column":8},"end":{"line":77,"column":11}},{"start":{"line":79,"column":8},"end":{"line":121,"column":11}}],"line":34},"3":{"loc":{"start":{"line":128,"column":47},"end":{"line":128,"column":87}},"type":"cond-expr","locations":[{"start":{"line":128,"column":80},"end":{"line":128,"column":83}},{"start":{"line":128,"column":86},"end":{"line":128,"column":87}}],"line":128}},"s":{"0":0,"1":0,"2":0,"3":0,"4":0,"5":0,"6":0,"7":0,"8":0,"9":0,"10":0,"11":0,"12":0,"13":0,"14":0,"15":0},"f":{"0":0,"1":0,"2":0,"3":0,"4":0,"5":0,"6":0,"7":0,"8":0,"9":0,"10":0,"11":0},"b":{"0":[0,0],"1":[0,0],"2":[0,0],"3":[0,0]}}
,"/Users/sergei/Desktop/date-rabbit/app/app/(tabs)/female/calendar.tsx": {"path":"/Users/sergei/Desktop/date-rabbit/app/app/(tabs)/female/calendar.tsx","statementMap":{"0":{"start":{"line":6,"column":13},"end":{"line":6,"column":62}},"1":{"start":{"line":7,"column":20},"end":{"line":7,"column":30}},"2":{"start":{"line":10,"column":42},"end":{"line":10,"column":73}},"3":{"start":{"line":12,"column":25},"end":{"line":16,"column":3}},"4":{"start":{"line":13,"column":17},"end":{"line":13,"column":42}},"5":{"start":{"line":14,"column":18},"end":{"line":14,"column":40}},"6":{"start":{"line":15,"column":4},"end":{"line":15,"column":50}},"7":{"start":{"line":18,"column":29},"end":{"line":22,"column":3}},"8":{"start":{"line":19,"column":17},"end":{"line":19,"column":42}},"9":{"start":{"line":20,"column":18},"end":{"line":20,"column":40}},"10":{"start":{"line":21,"column":4},"end":{"line":21,"column":45}},"11":{"start":{"line":24,"column":25},"end":{"line":28,"column":3}},"12":{"start":{"line":30,"column":29},"end":{"line":69,"column":3}},"13":{"start":{"line":31,"column":24},"end":{"line":31,"column":40}},"14":{"start":{"line":32,"column":21},"end":{"line":32,"column":41}},"15":{"start":{"line":33,"column":25},"end":{"line":33,"column":27}},"16":{"start":{"line":36,"column":4},"end":{"line":38,"column":5}},"17":{"start":{"line":36,"column":17},"end":{"line":36,"column":18}},"18":{"start":{"line":37,"column":6},"end":{"line":37,"column":76}},"19":{"start":{"line":41,"column":4},"end":{"line":66,"column":5}},"20":{"start":{"line":41,"column":19},"end":{"line":41,"column":20}},"21":{"start":{"line":42,"column":22},"end":{"line":42,"column":51}},"22":{"start":{"line":43,"column":25},"end":{"line":43,"column":45}},"23":{"start":{"line":44,"column":23},"end":{"line":44,"column":62}},"24":{"start":{"line":44,"column":48},"end":{"line":44,"column":61}},"25":{"start":{"line":46,"column":6},"end":{"line":65,"column":8}},"26":{"start":{"line":54,"column":25},"end":{"line":54,"column":45}},"27":{"start":{"line":68,"column":4},"end":{"line":68,"column":24}},"28":{"start":{"line":71,"column":25},"end":{"line":71,"column":75}},"29":{"start":{"line":71,"column":52},"end":{"line":71,"column":74}},"30":{"start":{"line":73,"column":2},"end":{"line":133,"column":4}},"31":{"start":{"line":85,"column":12},"end":{"line":85,"column":65}},"32":{"start":{"line":100,"column":12},"end":{"line":108,"column":19}},"33":{"start":{"line":136,"column":15},"end":{"line":289,"column":2}}},"fnMap":{"0":{"name":"CalendarScreen","decl":{"start":{"line":9,"column":24},"end":{"line":9,"column":38}},"loc":{"start":{"line":9,"column":41},"end":{"line":134,"column":1}},"line":9},"1":{"name":"(anonymous_1)","decl":{"start":{"line":12,"column":25},"end":{"line":12,"column":26}},"loc":{"start":{"line":12,"column":31},"end":{"line":16,"column":3}},"line":12},"2":{"name":"(anonymous_2)","decl":{"start":{"line":18,"column":29},"end":{"line":18,"column":30}},"loc":{"start":{"line":18,"column":35},"end":{"line":22,"column":3}},"line":18},"3":{"name":"(anonymous_3)","decl":{"start":{"line":30,"column":29},"end":{"line":30,"column":30}},"loc":{"start":{"line":30,"column":35},"end":{"line":69,"column":3}},"line":30},"4":{"name":"(anonymous_4)","decl":{"start":{"line":44,"column":43},"end":{"line":44,"column":44}},"loc":{"start":{"line":44,"column":48},"end":{"line":44,"column":61}},"line":44},"5":{"name":"(anonymous_5)","decl":{"start":{"line":54,"column":19},"end":{"line":54,"column":20}},"loc":{"start":{"line":54,"column":25},"end":{"line":54,"column":45}},"line":54},"6":{"name":"(anonymous_6)","decl":{"start":{"line":71,"column":47},"end":{"line":71,"column":48}},"loc":{"start":{"line":71,"column":52},"end":{"line":71,"column":74}},"line":71},"7":{"name":"(anonymous_7)","decl":{"start":{"line":84,"column":20},"end":{"line":84,"column":21}},"loc":{"start":{"line":85,"column":12},"end":{"line":85,"column":65}},"line":85},"8":{"name":"(anonymous_8)","decl":{"start":{"line":99,"column":29},"end":{"line":99,"column":30}},"loc":{"start":{"line":100,"column":12},"end":{"line":108,"column":19}},"line":100}},"branchMap":{"0":{"loc":{"start":{"line":51,"column":12},"end":{"line":51,"column":39}},"type":"binary-expr","locations":[{"start":{"line":51,"column":12},"end":{"line":51,"column":19}},{"start":{"line":51,"column":23},"end":{"line":51,"column":39}}],"line":51},"1":{"loc":{"start":{"line":52,"column":12},"end":{"line":52,"column":45}},"type":"binary-expr","locations":[{"start":{"line":52,"column":12},"end":{"line":52,"column":22}},{"start":{"line":52,"column":26},"end":{"line":52,"column":45}}],"line":52},"2":{"loc":{"start":{"line":58,"column":12},"end":{"line":58,"column":39}},"type":"binary-expr","locations":[{"start":{"line":58,"column":12},"end":{"line":58,"column":19}},{"start":{"line":58,"column":23},"end":{"line":58,"column":39}}],"line":58},"3":{"loc":{"start":{"line":59,"column":12},"end":{"line":59,"column":45}},"type":"binary-expr","locations":[{"start":{"line":59,"column":12},"end":{"line":59,"column":22}},{"start":{"line":59,"column":26},"end":{"line":59,"column":45}}],"line":59},"4":{"loc":{"start":{"line":63,"column":11},"end":{"line":63,"column":55}},"type":"binary-expr","locations":[{"start":{"line":63,"column":11},"end":{"line":63,"column":19}},{"start":{"line":63,"column":23},"end":{"line":63,"column":55}}],"line":63},"5":{"loc":{"start":{"line":95,"column":11},"end":{"line":95,"column":83}},"type":"cond-expr","locations":[{"start":{"line":95,"column":52},"end":{"line":95,"column":59}},{"start":{"line":95,"column":62},"end":{"line":95,"column":83}}],"line":95},"6":{"loc":{"start":{"line":98,"column":9},"end":{"line":115,"column":9}},"type":"cond-expr","locations":[{"start":{"line":99,"column":10},"end":{"line":109,"column":12}},{"start":{"line":111,"column":10},"end":{"line":114,"column":17}}],"line":98}},"s":{"0":0,"1":0,"2":0,"3":0,"4":0,"5":0,"6":0,"7":0,"8":0,"9":0,"10":0,"11":0,"12":0,"13":0,"14":0,"15":0,"16":0,"17":0,"18":0,"19":0,"20":0,"21":0,"22":0,"23":0,"24":0,"25":0,"26":0,"27":0,"28":0,"29":0,"30":0,"31":0,"32":0,"33":0},"f":{"0":0,"1":0,"2":0,"3":0,"4":0,"5":0,"6":0,"7":0,"8":0},"b":{"0":[0,0],"1":[0,0],"2":[0,0],"3":[0,0],"4":[0,0],"5":[0,0],"6":[0,0]}}
,"/Users/sergei/Desktop/date-rabbit/app/app/(tabs)/female/earnings.tsx": {"path":"/Users/sergei/Desktop/date-rabbit/app/app/(tabs)/female/earnings.tsx","statementMap":{"0":{"start":{"line":7,"column":17},"end":{"line":12,"column":1}},"1":{"start":{"line":14,"column":21},"end":{"line":19,"column":1}},"2":{"start":{"line":22,"column":2},"end":{"line":111,"column":4}},"3":{"start":{"line":65,"column":10},"end":{"line":90,"column":17}},"4":{"start":{"line":114,"column":15},"end":{"line":291,"column":2}}},"fnMap":{"0":{"name":"EarningsScreen","decl":{"start":{"line":21,"column":24},"end":{"line":21,"column":38}},"loc":{"start":{"line":21,"column":41},"end":{"line":112,"column":1}},"line":21},"1":{"name":"(anonymous_1)","decl":{"start":{"line":34,"column":21},"end":{"line":34,"column":22}},"loc":{"start":{"line":34,"column":27},"end":{"line":34,"column":29}},"line":34},"2":{"name":"(anonymous_2)","decl":{"start":{"line":64,"column":26},"end":{"line":64,"column":27}},"loc":{"start":{"line":65,"column":10},"end":{"line":90,"column":17}},"line":65}},"branchMap":{"0":{"loc":{"start":{"line":68,"column":17},"end":{"line":68,"column":54}},"type":"cond-expr","locations":[{"start":{"line":68,"column":45},"end":{"line":68,"column":48}},{"start":{"line":68,"column":51},"end":{"line":68,"column":54}}],"line":68},"1":{"loc":{"start":{"line":79,"column":16},"end":{"line":79,"column":59}},"type":"binary-expr","locations":[{"start":{"line":79,"column":16},"end":{"line":79,"column":39}},{"start":{"line":79,"column":43},"end":{"line":79,"column":59}}],"line":79},"2":{"loc":{"start":{"line":85,"column":16},"end":{"line":85,"column":65}},"type":"binary-expr","locations":[{"start":{"line":85,"column":16},"end":{"line":85,"column":39}},{"start":{"line":85,"column":43},"end":{"line":85,"column":65}}],"line":85}},"s":{"0":0,"1":0,"2":0,"3":0,"4":0},"f":{"0":0,"1":0,"2":0},"b":{"0":[0,0],"1":[0,0],"2":[0,0]}}
,"/Users/sergei/Desktop/date-rabbit/app/app/(tabs)/female/index.tsx": {"path":"/Users/sergei/Desktop/date-rabbit/app/app/(tabs)/female/index.tsx","statementMap":{"0":{"start":{"line":9,"column":19},"end":{"line":9,"column":33}},"1":{"start":{"line":11,"column":16},"end":{"line":16,"column":3}},"2":{"start":{"line":18,"column":2},"end":{"line":99,"column":4}},"3":{"start":{"line":115,"column":2},"end":{"line":130,"column":4}},"4":{"start":{"line":133,"column":15},"end":{"line":259,"column":2}}},"fnMap":{"0":{"name":"FemaleDashboard","decl":{"start":{"line":8,"column":24},"end":{"line":8,"column":39}},"loc":{"start":{"line":8,"column":42},"end":{"line":100,"column":1}},"line":8},"1":{"name":"RequestItem","decl":{"start":{"line":102,"column":9},"end":{"line":102,"column":20}},"loc":{"start":{"line":114,"column":3},"end":{"line":131,"column":1}},"line":114}},"branchMap":{},"s":{"0":0,"1":0,"2":0,"3":0,"4":0},"f":{"0":0,"1":0},"b":{}}
,"/Users/sergei/Desktop/date-rabbit/app/app/(tabs)/female/profile.tsx": {"path":"/Users/sergei/Desktop/date-rabbit/app/app/(tabs)/female/profile.tsx","statementMap":{"0":{"start":{"line":11,"column":27},"end":{"line":11,"column":41}},"1":{"start":{"line":13,"column":23},"end":{"line":16,"column":3}},"2":{"start":{"line":14,"column":4},"end":{"line":14,"column":13}},"3":{"start":{"line":15,"column":4},"end":{"line":15,"column":38}},"4":{"start":{"line":18,"column":2},"end":{"line":103,"column":4}},"5":{"start":{"line":62,"column":14},"end":{"line":64,"column":21}},"6":{"start":{"line":107,"column":2},"end":{"line":113,"column":4}},"7":{"start":{"line":116,"column":15},"end":{"line":245,"column":2}}},"fnMap":{"0":{"name":"FemaleProfileScreen","decl":{"start":{"line":10,"column":24},"end":{"line":10,"column":43}},"loc":{"start":{"line":10,"column":46},"end":{"line":104,"column":1}},"line":10},"1":{"name":"(anonymous_1)","decl":{"start":{"line":13,"column":23},"end":{"line":13,"column":24}},"loc":{"start":{"line":13,"column":29},"end":{"line":16,"column":3}},"line":13},"2":{"name":"(anonymous_2)","decl":{"start":{"line":49,"column":19},"end":{"line":49,"column":20}},"loc":{"start":{"line":49,"column":25},"end":{"line":49,"column":27}},"line":49},"3":{"name":"(anonymous_3)","decl":{"start":{"line":61,"column":27},"end":{"line":61,"column":28}},"loc":{"start":{"line":62,"column":14},"end":{"line":64,"column":21}},"line":62},"4":{"name":"MenuItem","decl":{"start":{"line":106,"column":9},"end":{"line":106,"column":17}},"loc":{"start":{"line":106,"column":68},"end":{"line":114,"column":1}},"line":106}},"branchMap":{},"s":{"0":0,"1":0,"2":0,"3":0,"4":0,"5":0,"6":0,"7":0},"f":{"0":0,"1":0,"2":0,"3":0,"4":0},"b":{}}
,"/Users/sergei/Desktop/date-rabbit/app/app/(tabs)/female/requests.tsx": {"path":"/Users/sergei/Desktop/date-rabbit/app/app/(tabs)/female/requests.tsx","statementMap":{"0":{"start":{"line":10,"column":21},"end":{"line":23,"column":1}},"1":{"start":{"line":26,"column":36},"end":{"line":26,"column":64}},"2":{"start":{"line":28,"column":2},"end":{"line":59,"column":4}},"3":{"start":{"line":36,"column":10},"end":{"line":45,"column":29}},"4":{"start":{"line":39,"column":27},"end":{"line":39,"column":44}},"5":{"start":{"line":51,"column":10},"end":{"line":55,"column":12}},"6":{"start":{"line":63,"column":2},"end":{"line":128,"column":4}},"7":{"start":{"line":131,"column":15},"end":{"line":243,"column":2}}},"fnMap":{"0":{"name":"RequestsScreen","decl":{"start":{"line":25,"column":24},"end":{"line":25,"column":38}},"loc":{"start":{"line":25,"column":41},"end":{"line":60,"column":1}},"line":25},"1":{"name":"(anonymous_1)","decl":{"start":{"line":35,"column":65},"end":{"line":35,"column":66}},"loc":{"start":{"line":36,"column":10},"end":{"line":45,"column":29}},"line":36},"2":{"name":"(anonymous_2)","decl":{"start":{"line":39,"column":21},"end":{"line":39,"column":22}},"loc":{"start":{"line":39,"column":27},"end":{"line":39,"column":44}},"line":39},"3":{"name":"(anonymous_3)","decl":{"start":{"line":50,"column":37},"end":{"line":50,"column":38}},"loc":{"start":{"line":51,"column":10},"end":{"line":55,"column":12}},"line":51},"4":{"name":"RequestCard","decl":{"start":{"line":62,"column":9},"end":{"line":62,"column":20}},"loc":{"start":{"line":62,"column":73},"end":{"line":129,"column":1}},"line":62},"5":{"name":"(anonymous_5)","decl":{"start":{"line":88,"column":21},"end":{"line":88,"column":22}},"loc":{"start":{"line":88,"column":27},"end":{"line":88,"column":29}},"line":88},"6":{"name":"(anonymous_6)","decl":{"start":{"line":96,"column":21},"end":{"line":96,"column":22}},"loc":{"start":{"line":96,"column":27},"end":{"line":96,"column":29}},"line":96},"7":{"name":"(anonymous_7)","decl":{"start":{"line":107,"column":21},"end":{"line":107,"column":22}},"loc":{"start":{"line":107,"column":27},"end":{"line":107,"column":29}},"line":107},"8":{"name":"(anonymous_8)","decl":{"start":{"line":114,"column":21},"end":{"line":114,"column":22}},"loc":{"start":{"line":114,"column":27},"end":{"line":114,"column":29}},"line":114}},"branchMap":{"0":{"loc":{"start":{"line":38,"column":32},"end":{"line":38,"column":69}},"type":"binary-expr","locations":[{"start":{"line":38,"column":32},"end":{"line":38,"column":49}},{"start":{"line":38,"column":53},"end":{"line":38,"column":69}}],"line":38},"1":{"loc":{"start":{"line":41,"column":42},"end":{"line":41,"column":83}},"type":"binary-expr","locations":[{"start":{"line":41,"column":42},"end":{"line":41,"column":59}},{"start":{"line":41,"column":63},"end":{"line":41,"column":83}}],"line":41},"2":{"loc":{"start":{"line":43,"column":15},"end":{"line":43,"column":71}},"type":"binary-expr","locations":[{"start":{"line":43,"column":15},"end":{"line":43,"column":32}},{"start":{"line":43,"column":36},"end":{"line":43,"column":71}}],"line":43},"3":{"loc":{"start":{"line":78,"column":7},"end":{"line":82,"column":7}},"type":"binary-expr","locations":[{"start":{"line":78,"column":7},"end":{"line":78,"column":22}},{"start":{"line":79,"column":8},"end":{"line":81,"column":15}}],"line":78},"4":{"loc":{"start":{"line":84,"column":7},"end":{"line":101,"column":7}},"type":"binary-expr","locations":[{"start":{"line":84,"column":7},"end":{"line":84,"column":25}},{"start":{"line":85,"column":8},"end":{"line":100,"column":15}}],"line":84},"5":{"loc":{"start":{"line":103,"column":7},"end":{"line":119,"column":7}},"type":"binary-expr","locations":[{"start":{"line":103,"column":7},"end":{"line":103,"column":26}},{"start":{"line":104,"column":8},"end":{"line":118,"column":15}}],"line":103},"6":{"loc":{"start":{"line":121,"column":7},"end":{"line":126,"column":7}},"type":"binary-expr","locations":[{"start":{"line":121,"column":7},"end":{"line":121,"column":27}},{"start":{"line":121,"column":31},"end":{"line":121,"column":45}},{"start":{"line":122,"column":8},"end":{"line":125,"column":15}}],"line":121}},"s":{"0":0,"1":0,"2":0,"3":0,"4":0,"5":0,"6":0,"7":0},"f":{"0":0,"1":0,"2":0,"3":0,"4":0,"5":0,"6":0,"7":0,"8":0},"b":{"0":[0,0],"1":[0,0],"2":[0,0],"3":[0,0],"4":[0,0],"5":[0,0],"6":[0,0,0]}}
,"/Users/sergei/Desktop/date-rabbit/app/app/(tabs)/male/bookings.tsx": {"path":"/Users/sergei/Desktop/date-rabbit/app/app/(tabs)/male/bookings.tsx","statementMap":{"0":{"start":{"line":10,"column":21},"end":{"line":22,"column":1}},"1":{"start":{"line":25,"column":36},"end":{"line":25,"column":65}},"2":{"start":{"line":27,"column":2},"end":{"line":69,"column":4}},"3":{"start":{"line":35,"column":10},"end":{"line":44,"column":29}},"4":{"start":{"line":38,"column":27},"end":{"line":38,"column":44}},"5":{"start":{"line":64,"column":12},"end":{"line":64,"column":79}},"6":{"start":{"line":73,"column":2},"end":{"line":136,"column":4}},"7":{"start":{"line":139,"column":15},"end":{"line":295,"column":2}}},"fnMap":{"0":{"name":"BookingsScreen","decl":{"start":{"line":24,"column":24},"end":{"line":24,"column":38}},"loc":{"start":{"line":24,"column":41},"end":{"line":70,"column":1}},"line":24},"1":{"name":"(anonymous_1)","decl":{"start":{"line":34,"column":60},"end":{"line":34,"column":61}},"loc":{"start":{"line":35,"column":10},"end":{"line":44,"column":29}},"line":35},"2":{"name":"(anonymous_2)","decl":{"start":{"line":38,"column":21},"end":{"line":38,"column":22}},"loc":{"start":{"line":38,"column":27},"end":{"line":38,"column":44}},"line":38},"3":{"name":"(anonymous_3)","decl":{"start":{"line":63,"column":38},"end":{"line":63,"column":39}},"loc":{"start":{"line":64,"column":12},"end":{"line":64,"column":79}},"line":64},"4":{"name":"BookingCard","decl":{"start":{"line":72,"column":9},"end":{"line":72,"column":20}},"loc":{"start":{"line":72,"column":73},"end":{"line":137,"column":1}},"line":72},"5":{"name":"(anonymous_5)","decl":{"start":{"line":98,"column":21},"end":{"line":98,"column":22}},"loc":{"start":{"line":98,"column":27},"end":{"line":98,"column":29}},"line":98},"6":{"name":"(anonymous_6)","decl":{"start":{"line":105,"column":21},"end":{"line":105,"column":22}},"loc":{"start":{"line":105,"column":27},"end":{"line":105,"column":29}},"line":105},"7":{"name":"(anonymous_7)","decl":{"start":{"line":128,"column":23},"end":{"line":128,"column":24}},"loc":{"start":{"line":128,"column":29},"end":{"line":128,"column":31}},"line":128}},"branchMap":{"0":{"loc":{"start":{"line":37,"column":32},"end":{"line":37,"column":69}},"type":"binary-expr","locations":[{"start":{"line":37,"column":32},"end":{"line":37,"column":49}},{"start":{"line":37,"column":53},"end":{"line":37,"column":69}}],"line":37},"1":{"loc":{"start":{"line":40,"column":42},"end":{"line":40,"column":83}},"type":"binary-expr","locations":[{"start":{"line":40,"column":42},"end":{"line":40,"column":59}},{"start":{"line":40,"column":63},"end":{"line":40,"column":83}}],"line":40},"2":{"loc":{"start":{"line":42,"column":15},"end":{"line":42,"column":106}},"type":"binary-expr","locations":[{"start":{"line":42,"column":15},"end":{"line":42,"column":32}},{"start":{"line":42,"column":36},"end":{"line":42,"column":67}},{"start":{"line":42,"column":71},"end":{"line":42,"column":106}}],"line":42},"3":{"loc":{"start":{"line":49,"column":9},"end":{"line":66,"column":9}},"type":"cond-expr","locations":[{"start":{"line":50,"column":10},"end":{"line":61,"column":17}},{"start":{"line":63,"column":10},"end":{"line":65,"column":12}}],"line":49},"4":{"loc":{"start":{"line":54,"column":15},"end":{"line":58,"column":56}},"type":"cond-expr","locations":[{"start":{"line":55,"column":18},"end":{"line":55,"column":57}},{"start":{"line":56,"column":18},"end":{"line":58,"column":56}}],"line":54},"5":{"loc":{"start":{"line":56,"column":18},"end":{"line":58,"column":56}},"type":"cond-expr","locations":[{"start":{"line":57,"column":18},"end":{"line":57,"column":66}},{"start":{"line":58,"column":18},"end":{"line":58,"column":56}}],"line":56},"6":{"loc":{"start":{"line":84,"column":11},"end":{"line":90,"column":11}},"type":"binary-expr","locations":[{"start":{"line":84,"column":11},"end":{"line":84,"column":26}},{"start":{"line":85,"column":12},"end":{"line":89,"column":19}}],"line":84},"7":{"loc":{"start":{"line":94,"column":7},"end":{"line":110,"column":7}},"type":"binary-expr","locations":[{"start":{"line":94,"column":7},"end":{"line":94,"column":26}},{"start":{"line":95,"column":8},"end":{"line":109,"column":15}}],"line":94},"8":{"loc":{"start":{"line":112,"column":7},"end":{"line":119,"column":7}},"type":"binary-expr","locations":[{"start":{"line":112,"column":7},"end":{"line":112,"column":25}},{"start":{"line":113,"column":8},"end":{"line":118,"column":15}}],"line":112},"9":{"loc":{"start":{"line":121,"column":7},"end":{"line":134,"column":7}},"type":"binary-expr","locations":[{"start":{"line":121,"column":7},"end":{"line":121,"column":22}},{"start":{"line":122,"column":8},"end":{"line":133,"column":15}}],"line":121},"10":{"loc":{"start":{"line":124,"column":55},"end":{"line":124,"column":74}},"type":"binary-expr","locations":[{"start":{"line":124,"column":55},"end":{"line":124,"column":69}},{"start":{"line":124,"column":73},"end":{"line":124,"column":74}}],"line":124},"11":{"loc":{"start":{"line":125,"column":11},"end":{"line":132,"column":11}},"type":"binary-expr","locations":[{"start":{"line":125,"column":11},"end":{"line":125,"column":26}},{"start":{"line":126,"column":12},"end":{"line":131,"column":14}}],"line":125}},"s":{"0":0,"1":0,"2":0,"3":0,"4":0,"5":0,"6":0,"7":0},"f":{"0":0,"1":0,"2":0,"3":0,"4":0,"5":0,"6":0,"7":0},"b":{"0":[0,0],"1":[0,0],"2":[0,0,0],"3":[0,0],"4":[0,0],"5":[0,0],"6":[0,0],"7":[0,0],"8":[0,0],"9":[0,0],"10":[0,0],"11":[0,0]}}
,"/Users/sergei/Desktop/date-rabbit/app/app/(tabs)/male/browse.tsx": {"path":"/Users/sergei/Desktop/date-rabbit/app/app/(tabs)/male/browse.tsx","statementMap":{"0":{"start":{"line":8,"column":19},"end":{"line":14,"column":1}},"1":{"start":{"line":16,"column":16},"end":{"line":16,"column":53}},"2":{"start":{"line":19,"column":42},"end":{"line":19,"column":57}},"3":{"start":{"line":20,"column":40},"end":{"line":20,"column":52}},"4":{"start":{"line":22,"column":2},"end":{"line":101,"column":4}},"5":{"start":{"line":49,"column":10},"end":{"line":57,"column":29}},"6":{"start":{"line":52,"column":27},"end":{"line":52,"column":50}},"7":{"start":{"line":63,"column":10},"end":{"line":97,"column":17}},"8":{"start":{"line":104,"column":15},"end":{"line":242,"column":2}}},"fnMap":{"0":{"name":"BrowseScreen","decl":{"start":{"line":18,"column":24},"end":{"line":18,"column":36}},"loc":{"start":{"line":18,"column":39},"end":{"line":102,"column":1}},"line":18},"1":{"name":"(anonymous_1)","decl":{"start":{"line":48,"column":21},"end":{"line":48,"column":22}},"loc":{"start":{"line":49,"column":10},"end":{"line":57,"column":29}},"line":49},"2":{"name":"(anonymous_2)","decl":{"start":{"line":52,"column":21},"end":{"line":52,"column":22}},"loc":{"start":{"line":52,"column":27},"end":{"line":52,"column":50}},"line":52},"3":{"name":"(anonymous_3)","decl":{"start":{"line":62,"column":24},"end":{"line":62,"column":25}},"loc":{"start":{"line":63,"column":10},"end":{"line":97,"column":17}},"line":63},"4":{"name":"(anonymous_4)","decl":{"start":{"line":85,"column":25},"end":{"line":85,"column":26}},"loc":{"start":{"line":85,"column":31},"end":{"line":85,"column":33}},"line":85},"5":{"name":"(anonymous_5)","decl":{"start":{"line":92,"column":25},"end":{"line":92,"column":26}},"loc":{"start":{"line":92,"column":31},"end":{"line":92,"column":33}},"line":92}},"branchMap":{"0":{"loc":{"start":{"line":51,"column":39},"end":{"line":51,"column":89}},"type":"binary-expr","locations":[{"start":{"line":51,"column":39},"end":{"line":51,"column":62}},{"start":{"line":51,"column":66},"end":{"line":51,"column":89}}],"line":51},"1":{"loc":{"start":{"line":54,"column":45},"end":{"line":54,"column":95}},"type":"binary-expr","locations":[{"start":{"line":54,"column":45},"end":{"line":54,"column":68}},{"start":{"line":54,"column":72},"end":{"line":54,"column":95}}],"line":54}},"s":{"0":0,"1":0,"2":0,"3":0,"4":0,"5":0,"6":0,"7":0,"8":0},"f":{"0":0,"1":0,"2":0,"3":0,"4":0,"5":0},"b":{"0":[0,0],"1":[0,0]}}
,"/Users/sergei/Desktop/date-rabbit/app/app/(tabs)/male/index.tsx": {"path":"/Users/sergei/Desktop/date-rabbit/app/app/(tabs)/male/index.tsx","statementMap":{"0":{"start":{"line":9,"column":27},"end":{"line":13,"column":1}},"1":{"start":{"line":15,"column":25},"end":{"line":17,"column":1}},"2":{"start":{"line":20,"column":19},"end":{"line":20,"column":33}},"3":{"start":{"line":22,"column":2},"end":{"line":118,"column":4}},"4":{"start":{"line":46,"column":12},"end":{"line":58,"column":19}},"5":{"start":{"line":74,"column":14},"end":{"line":89,"column":21}},"6":{"start":{"line":122,"column":2},"end":{"line":128,"column":4}},"7":{"start":{"line":132,"column":2},"end":{"line":142,"column":4}},"8":{"start":{"line":145,"column":15},"end":{"line":339,"column":2}}},"fnMap":{"0":{"name":"MaleDashboard","decl":{"start":{"line":19,"column":24},"end":{"line":19,"column":37}},"loc":{"start":{"line":19,"column":40},"end":{"line":119,"column":1}},"line":19},"1":{"name":"(anonymous_1)","decl":{"start":{"line":45,"column":32},"end":{"line":45,"column":33}},"loc":{"start":{"line":46,"column":12},"end":{"line":58,"column":19}},"line":46},"2":{"name":"(anonymous_2)","decl":{"start":{"line":73,"column":36},"end":{"line":73,"column":37}},"loc":{"start":{"line":74,"column":14},"end":{"line":89,"column":21}},"line":74},"3":{"name":"ActivityCard","decl":{"start":{"line":121,"column":9},"end":{"line":121,"column":21}},"loc":{"start":{"line":121,"column":96},"end":{"line":129,"column":1}},"line":121},"4":{"name":"StepItem","decl":{"start":{"line":131,"column":9},"end":{"line":131,"column":17}},"loc":{"start":{"line":131,"column":106},"end":{"line":143,"column":1}},"line":131}},"branchMap":{"0":{"loc":{"start":{"line":42,"column":7},"end":{"line":61,"column":7}},"type":"binary-expr","locations":[{"start":{"line":42,"column":7},"end":{"line":42,"column":34}},{"start":{"line":43,"column":8},"end":{"line":60,"column":15}}],"line":42}},"s":{"0":0,"1":0,"2":0,"3":0,"4":0,"5":0,"6":0,"7":0,"8":0},"f":{"0":0,"1":0,"2":0,"3":0,"4":0},"b":{"0":[0,0]}}
,"/Users/sergei/Desktop/date-rabbit/app/app/(tabs)/male/messages.tsx": {"path":"/Users/sergei/Desktop/date-rabbit/app/app/(tabs)/male/messages.tsx","statementMap":{"0":{"start":{"line":6,"column":22},"end":{"line":11,"column":1}},"1":{"start":{"line":14,"column":2},"end":{"line":57,"column":4}},"2":{"start":{"line":31,"column":12},"end":{"line":52,"column":31}},"3":{"start":{"line":60,"column":15},"end":{"line":156,"column":2}}},"fnMap":{"0":{"name":"MessagesScreen","decl":{"start":{"line":13,"column":24},"end":{"line":13,"column":38}},"loc":{"start":{"line":13,"column":41},"end":{"line":58,"column":1}},"line":13},"1":{"name":"(anonymous_1)","decl":{"start":{"line":30,"column":28},"end":{"line":30,"column":29}},"loc":{"start":{"line":31,"column":12},"end":{"line":52,"column":31}},"line":31}},"branchMap":{"0":{"loc":{"start":{"line":21,"column":9},"end":{"line":54,"column":9}},"type":"cond-expr","locations":[{"start":{"line":22,"column":10},"end":{"line":28,"column":17}},{"start":{"line":30,"column":10},"end":{"line":53,"column":12}}],"line":21},"1":{"loc":{"start":{"line":40,"column":48},"end":{"line":40,"column":95}},"type":"binary-expr","locations":[{"start":{"line":40,"column":48},"end":{"line":40,"column":71}},{"start":{"line":40,"column":75},"end":{"line":40,"column":95}}],"line":40},"2":{"loc":{"start":{"line":45,"column":19},"end":{"line":49,"column":19}},"type":"binary-expr","locations":[{"start":{"line":45,"column":19},"end":{"line":45,"column":42}},{"start":{"line":46,"column":20},"end":{"line":48,"column":27}}],"line":45}},"s":{"0":0,"1":0,"2":0,"3":0},"f":{"0":0,"1":0},"b":{"0":[0,0],"1":[0,0],"2":[0,0]}}
,"/Users/sergei/Desktop/date-rabbit/app/app/(tabs)/male/profile.tsx": {"path":"/Users/sergei/Desktop/date-rabbit/app/app/(tabs)/male/profile.tsx","statementMap":{"0":{"start":{"line":11,"column":27},"end":{"line":11,"column":41}},"1":{"start":{"line":13,"column":23},"end":{"line":16,"column":3}},"2":{"start":{"line":14,"column":4},"end":{"line":14,"column":13}},"3":{"start":{"line":15,"column":4},"end":{"line":15,"column":38}},"4":{"start":{"line":18,"column":16},"end":{"line":21,"column":3}},"5":{"start":{"line":23,"column":2},"end":{"line":120,"column":4}},"6":{"start":{"line":124,"column":2},"end":{"line":131,"column":4}},"7":{"start":{"line":134,"column":15},"end":{"line":256,"column":2}}},"fnMap":{"0":{"name":"MaleProfileScreen","decl":{"start":{"line":10,"column":24},"end":{"line":10,"column":41}},"loc":{"start":{"line":10,"column":44},"end":{"line":121,"column":1}},"line":10},"1":{"name":"(anonymous_1)","decl":{"start":{"line":13,"column":23},"end":{"line":13,"column":24}},"loc":{"start":{"line":13,"column":29},"end":{"line":16,"column":3}},"line":13},"2":{"name":"(anonymous_2)","decl":{"start":{"line":61,"column":19},"end":{"line":61,"column":20}},"loc":{"start":{"line":61,"column":25},"end":{"line":61,"column":27}},"line":61},"3":{"name":"MenuItem","decl":{"start":{"line":123,"column":9},"end":{"line":123,"column":17}},"loc":{"start":{"line":123,"column":91},"end":{"line":132,"column":1}},"line":123}},"branchMap":{"0":{"loc":{"start":{"line":128,"column":7},"end":{"line":128,"column":61}},"type":"binary-expr","locations":[{"start":{"line":128,"column":7},"end":{"line":128,"column":12}},{"start":{"line":128,"column":16},"end":{"line":128,"column":61}}],"line":128}},"s":{"0":0,"1":0,"2":0,"3":0,"4":0,"5":0,"6":0,"7":0},"f":{"0":0,"1":0,"2":0,"3":0},"b":{"0":[0,0]}}
,"/Users/sergei/Desktop/date-rabbit/app/src/components/Avatar.tsx": {"path":"/Users/sergei/Desktop/date-rabbit/app/src/components/Avatar.tsx","statementMap":{"0":{"start":{"line":13,"column":19},"end":{"line":15,"column":9}},"1":{"start":{"line":14,"column":31},"end":{"line":14,"column":35}},"2":{"start":{"line":17,"column":2},"end":{"line":35,"column":4}},"3":{"start":{"line":38,"column":15},"end":{"line":70,"column":2}}},"fnMap":{"0":{"name":"Avatar","decl":{"start":{"line":12,"column":16},"end":{"line":12,"column":22}},"loc":{"start":{"line":12,"column":80},"end":{"line":36,"column":1}},"line":12},"1":{"name":"(anonymous_1)","decl":{"start":{"line":14,"column":26},"end":{"line":14,"column":27}},"loc":{"start":{"line":14,"column":31},"end":{"line":14,"column":35}},"line":14}},"branchMap":{"0":{"loc":{"start":{"line":12,"column":36},"end":{"line":12,"column":45}},"type":"default-arg","locations":[{"start":{"line":12,"column":43},"end":{"line":12,"column":45}}],"line":12},"1":{"loc":{"start":{"line":12,"column":47},"end":{"line":12,"column":63}},"type":"default-arg","locations":[{"start":{"line":12,"column":58},"end":{"line":12,"column":63}}],"line":12},"2":{"loc":{"start":{"line":13,"column":19},"end":{"line":15,"column":9}},"type":"cond-expr","locations":[{"start":{"line":14,"column":6},"end":{"line":14,"column":71}},{"start":{"line":15,"column":6},"end":{"line":15,"column":9}}],"line":13},"3":{"loc":{"start":{"line":19,"column":7},"end":{"line":28,"column":7}},"type":"cond-expr","locations":[{"start":{"line":20,"column":8},"end":{"line":23,"column":10}},{"start":{"line":25,"column":8},"end":{"line":27,"column":15}}],"line":19},"4":{"loc":{"start":{"line":29,"column":7},"end":{"line":33,"column":7}},"type":"binary-expr","locations":[{"start":{"line":29,"column":7},"end":{"line":29,"column":15}},{"start":{"line":30,"column":8},"end":{"line":32,"column":15}}],"line":29}},"s":{"0":10,"1":16,"2":10,"3":1},"f":{"0":10,"1":16},"b":{"0":[0],"1":[8],"2":[9,1],"3":[0,10],"4":[10,1]},"_coverageSchema":"1a1c01bbd47fc00a2c39e90264f33305004495a9","hash":"aa82fd37ec7a563ec239610db9d8f6c358bbd822"}
,"/Users/sergei/Desktop/date-rabbit/app/src/components/Button.tsx": {"path":"/Users/sergei/Desktop/date-rabbit/app/src/components/Button.tsx","statementMap":{"0":{"start":{"line":30,"column":23},"end":{"line":37,"column":3}},"1":{"start":{"line":39,"column":21},"end":{"line":45,"column":3}},"2":{"start":{"line":47,"column":2},"end":{"line":63,"column":4}},"3":{"start":{"line":66,"column":15},"end":{"line":140,"column":2}}},"fnMap":{"0":{"name":"Button","decl":{"start":{"line":18,"column":16},"end":{"line":18,"column":22}},"loc":{"start":{"line":29,"column":16},"end":{"line":64,"column":1}},"line":29}},"branchMap":{"0":{"loc":{"start":{"line":21,"column":2},"end":{"line":21,"column":21}},"type":"default-arg","locations":[{"start":{"line":21,"column":12},"end":{"line":21,"column":21}}],"line":21},"1":{"loc":{"start":{"line":22,"column":2},"end":{"line":22,"column":13}},"type":"default-arg","locations":[{"start":{"line":22,"column":9},"end":{"line":22,"column":13}}],"line":22},"2":{"loc":{"start":{"line":23,"column":2},"end":{"line":23,"column":18}},"type":"default-arg","locations":[{"start":{"line":23,"column":13},"end":{"line":23,"column":18}}],"line":23},"3":{"loc":{"start":{"line":24,"column":2},"end":{"line":24,"column":17}},"type":"default-arg","locations":[{"start":{"line":24,"column":12},"end":{"line":24,"column":17}}],"line":24},"4":{"loc":{"start":{"line":25,"column":2},"end":{"line":25,"column":19}},"type":"default-arg","locations":[{"start":{"line":25,"column":14},"end":{"line":25,"column":19}}],"line":25},"5":{"loc":{"start":{"line":34,"column":4},"end":{"line":34,"column":33}},"type":"binary-expr","locations":[{"start":{"line":34,"column":4},"end":{"line":34,"column":13}},{"start":{"line":34,"column":17},"end":{"line":34,"column":33}}],"line":34},"6":{"loc":{"start":{"line":35,"column":4},"end":{"line":35,"column":31}},"type":"binary-expr","locations":[{"start":{"line":35,"column":4},"end":{"line":35,"column":12}},{"start":{"line":35,"column":16},"end":{"line":35,"column":31}}],"line":35},"7":{"loc":{"start":{"line":43,"column":4},"end":{"line":43,"column":35}},"type":"binary-expr","locations":[{"start":{"line":43,"column":4},"end":{"line":43,"column":12}},{"start":{"line":43,"column":16},"end":{"line":43,"column":35}}],"line":43},"8":{"loc":{"start":{"line":51,"column":16},"end":{"line":51,"column":35}},"type":"binary-expr","locations":[{"start":{"line":51,"column":16},"end":{"line":51,"column":24}},{"start":{"line":51,"column":28},"end":{"line":51,"column":35}}],"line":51},"9":{"loc":{"start":{"line":54,"column":7},"end":{"line":61,"column":7}},"type":"cond-expr","locations":[{"start":{"line":55,"column":8},"end":{"line":55,"column":91}},{"start":{"line":57,"column":8},"end":{"line":60,"column":11}}],"line":54},"10":{"loc":{"start":{"line":55,"column":34},"end":{"line":55,"column":87}},"type":"cond-expr","locations":[{"start":{"line":55,"column":58},"end":{"line":55,"column":72}},{"start":{"line":55,"column":75},"end":{"line":55,"column":87}}],"line":55}},"s":{"0":14,"1":14,"2":14,"3":1},"f":{"0":14},"b":{"0":[10],"1":[11],"2":[12],"3":[12],"4":[13],"5":[14,1],"6":[14,2],"7":[14,2],"8":[14,12],"9":[2,12],"10":[0,2]},"_coverageSchema":"1a1c01bbd47fc00a2c39e90264f33305004495a9","hash":"6bc15f9ed398875d0b4148f00a7e1ebefb8cddae"}
,"/Users/sergei/Desktop/date-rabbit/app/src/components/Card.tsx": {"path":"/Users/sergei/Desktop/date-rabbit/app/src/components/Card.tsx","statementMap":{"0":{"start":{"line":12,"column":2},"end":{"line":16,"column":4}},"1":{"start":{"line":19,"column":15},"end":{"line":29,"column":2}}},"fnMap":{"0":{"name":"Card","decl":{"start":{"line":11,"column":16},"end":{"line":11,"column":20}},"loc":{"start":{"line":11,"column":69},"end":{"line":17,"column":1}},"line":11}},"branchMap":{"0":{"loc":{"start":{"line":11,"column":40},"end":{"line":11,"column":54}},"type":"default-arg","locations":[{"start":{"line":11,"column":50},"end":{"line":11,"column":54}}],"line":11}},"s":{"0":3,"1":1},"f":{"0":3},"b":{"0":[3]},"_coverageSchema":"1a1c01bbd47fc00a2c39e90264f33305004495a9","hash":"f8866220b14b7e5a06dd068a9b57780473b5ac4b"}
,"/Users/sergei/Desktop/date-rabbit/app/src/constants/theme.ts": {"path":"/Users/sergei/Desktop/date-rabbit/app/src/constants/theme.ts","statementMap":{"0":{"start":{"line":1,"column":22},"end":{"line":60,"column":1}},"1":{"start":{"line":62,"column":23},"end":{"line":69,"column":1}},"2":{"start":{"line":71,"column":28},"end":{"line":77,"column":1}},"3":{"start":{"line":79,"column":26},"end":{"line":118,"column":1}}},"fnMap":{},"branchMap":{},"s":{"0":3,"1":3,"2":3,"3":3},"f":{},"b":{},"_coverageSchema":"1a1c01bbd47fc00a2c39e90264f33305004495a9","hash":"f299dde3eb4484386bec9d6912a9e2b7dc582d3d"}
,"/Users/sergei/Desktop/date-rabbit/app/src/store/authStore.ts": {"path":"/Users/sergei/Desktop/date-rabbit/app/src/store/authStore.ts","statementMap":{"0":{"start":{"line":18,"column":28},"end":{"line":64,"column":3}},"1":{"start":{"line":18,"column":56},"end":{"line":64,"column":1}},"2":{"start":{"line":24,"column":21},"end":{"line":24,"column":59}},"3":{"start":{"line":26,"column":27},"end":{"line":26,"column":59}},"4":{"start":{"line":28,"column":16},"end":{"line":28,"column":59}},"5":{"start":{"line":31,"column":27},"end":{"line":60,"column":9}},"6":{"start":{"line":62,"column":4},"end":{"line":62,"column":51}}},"fnMap":{"0":{"name":"(anonymous_0)","decl":{"start":{"line":18,"column":46},"end":{"line":18,"column":47}},"loc":{"start":{"line":18,"column":56},"end":{"line":64,"column":1}},"line":18},"1":{"name":"(anonymous_1)","decl":{"start":{"line":24,"column":11},"end":{"line":24,"column":12}},"loc":{"start":{"line":24,"column":21},"end":{"line":24,"column":59}},"line":24},"2":{"name":"(anonymous_2)","decl":{"start":{"line":26,"column":21},"end":{"line":26,"column":22}},"loc":{"start":{"line":26,"column":27},"end":{"line":26,"column":59}},"line":26},"3":{"name":"(anonymous_3)","decl":{"start":{"line":28,"column":10},"end":{"line":28,"column":11}},"loc":{"start":{"line":28,"column":16},"end":{"line":28,"column":59}},"line":28},"4":{"name":"(anonymous_4)","decl":{"start":{"line":30,"column":13},"end":{"line":30,"column":14}},"loc":{"start":{"line":30,"column":23},"end":{"line":63,"column":3}},"line":30}},"branchMap":{"0":{"loc":{"start":{"line":31,"column":27},"end":{"line":60,"column":9}},"type":"cond-expr","locations":[{"start":{"line":32,"column":8},"end":{"line":46,"column":9}},{"start":{"line":47,"column":8},"end":{"line":60,"column":9}}],"line":31}},"s":{"0":1,"1":1,"2":12,"3":1,"4":2,"5":3,"6":3},"f":{"0":1,"1":12,"2":1,"3":2,"4":3},"b":{"0":[2,1]},"_coverageSchema":"1a1c01bbd47fc00a2c39e90264f33305004495a9","hash":"6c6688ac5399e4a8d7a4ee1d56793a6a8e91a437"}
,"/Users/sergei/Desktop/date-rabbit/app/src/types/index.ts": {"path":"/Users/sergei/Desktop/date-rabbit/app/src/types/index.ts","statementMap":{},"fnMap":{},"branchMap":{},"s":{},"f":{},"b":{}}
}
