TN:
SF:app/_layout.tsx
FN:6,RootLayout
FNF:1
FNH:0
FNDA:0,RootLayout
DA:7,0
DA:9,0
DA:28,0
LF:3
LH:0
BRDA:14,0,0,0
BRDA:14,0,1,0
BRDA:16,1,0,0
BRDA:16,1,1,0
BRDA:37,2,0,0
BRDA:37,2,1,0
BRF:6
BRH:0
end_of_record
TN:
SF:app/index.tsx
FN:7,Index
FN:10,(anonymous_1)
FN:11,(anonymous_2)
FN:21,(anonymous_3)
FNF:4
FNH:0
FNDA:0,Index
FNDA:0,(anonymous_1)
FNDA:0,(anonymous_2)
FNDA:0,(anonymous_3)
DA:8,0
DA:10,0
DA:11,0
DA:12,0
DA:13,0
DA:14,0
DA:15,0
DA:17,0
DA:21,0
DA:24,0
DA:31,0
LF:11
LH:0
BRDA:12,0,0,0
BRDA:12,0,1,0
BRDA:14,1,0,0
BRDA:14,1,1,0
BRF:4
BRH:0
end_of_record
TN:
SF:app/onboarding.tsx
FN:45,OnboardingScreen
FN:51,(anonymous_1)
FN:59,(anonymous_2)
FN:64,(anonymous_3)
FN:68,(anonymous_4)
FN:76,(anonymous_5)
FN:78,(anonymous_6)
FN:122,(anonymous_7)
FN:130,(anonymous_8)
FNF:9
FNH:0
FNDA:0,OnboardingScreen
FNDA:0,(anonymous_1)
FNDA:0,(anonymous_2)
FNDA:0,(anonymous_3)
FNDA:0,(anonymous_4)
FNDA:0,(anonymous_5)
FNDA:0,(anonymous_6)
FNDA:0,(anonymous_7)
FNDA:0,(anonymous_8)
DA:16,0
DA:18,0
DA:46,0
DA:47,0
DA:48,0
DA:49,0
DA:51,0
DA:52,0
DA:53,0
DA:55,0
DA:59,0
DA:60,0
DA:61,0
DA:64,0
DA:65,0
DA:68,0
DA:69,0
DA:76,0
DA:77,0
DA:79,0
DA:85,0
DA:91,0
DA:97,0
DA:107,0
DA:122,0
DA:131,0
DA:134,0
DA:152,0
LF:28
LH:0
BRDA:52,0,0,0
BRDA:52,0,1,0
BRDA:142,1,0,0
BRDA:142,1,1,0
BRF:4
BRH:0
end_of_record
TN:
SF:app/(auth)/_layout.tsx
FN:3,AuthLayout
FNF:1
FNH:0
FNDA:0,AuthLayout
DA:4,0
LF:1
LH:0
BRF:0
BRH:0
end_of_record
TN:
SF:app/(auth)/login.tsx
FN:16,LoginScreen
FN:22,(anonymous_1)
FN:24,(anonymous_2)
FN:32,(anonymous_3)
FN:45,(anonymous_4)
FN:99,(anonymous_5)
FN:107,(anonymous_6)
FNF:7
FNH:0
FNDA:0,LoginScreen
FNDA:0,(anonymous_1)
FNDA:0,(anonymous_2)
FNDA:0,(anonymous_3)
FNDA:0,(anonymous_4)
FNDA:0,(anonymous_5)
FNDA:0,(anonymous_6)
DA:17,0
DA:18,0
DA:19,0
DA:20,0
DA:22,0
DA:23,0
DA:24,0
DA:26,0
DA:27,0
DA:28,0
DA:29,0
DA:32,0
DA:33,0
DA:34,0
DA:37,0
DA:45,0
DA:99,0
DA:107,0
DA:118,0
LF:19
LH:0
BRDA:26,0,0,0
BRDA:26,0,1,0
BRDA:40,1,0,0
BRDA:40,1,1,0
BRF:4
BRH:0
end_of_record
TN:
SF:app/(auth)/register.tsx
FN:18,RegisterScreen
FN:35,(anonymous_1)
FN:38,(anonymous_2)
FN:44,(anonymous_3)
FN:45,(anonymous_4)
FN:60,(anonymous_5)
FN:80,(anonymous_6)
FN:91,(anonymous_7)
FN:103,(anonymous_8)
FN:115,(anonymous_9)
FN:126,(anonymous_10)
FN:138,(anonymous_11)
FNF:12
FNH:0
FNDA:0,RegisterScreen
FNDA:0,(anonymous_1)
FNDA:0,(anonymous_2)
FNDA:0,(anonymous_3)
FNDA:0,(anonymous_4)
FNDA:0,(anonymous_5)
FNDA:0,(anonymous_6)
FNDA:0,(anonymous_7)
FNDA:0,(anonymous_8)
FNDA:0,(anonymous_9)
FNDA:0,(anonymous_10)
FNDA:0,(anonymous_11)
DA:19,0
DA:20,0
DA:22,0
DA:30,0
DA:32,0
DA:33,0
DA:35,0
DA:36,0
DA:38,0
DA:39,0
DA:40,0
DA:41,0
DA:44,0
DA:45,0
DA:48,0
DA:60,0
DA:80,0
DA:91,0
DA:103,0
DA:115,0
DA:126,0
DA:138,0
DA:169,0
LF:23
LH:0
BRDA:39,0,0,0
BRDA:39,0,1,0
BRDA:51,1,0,0
BRDA:51,1,1,0
BRDA:67,2,0,0
BRDA:67,2,1,0
BRDA:131,3,0,0
BRDA:131,3,1,0
BRF:8
BRH:0
end_of_record
TN:
SF:app/(auth)/role-select.tsx
FN:6,RoleSelectScreen
FN:7,(anonymous_1)
FN:18,(anonymous_2)
FN:31,(anonymous_3)
FN:47,(anonymous_4)
FNF:5
FNH:0
FNDA:0,RoleSelectScreen
FNDA:0,(anonymous_1)
FNDA:0,(anonymous_2)
FNDA:0,(anonymous_3)
FNDA:0,(anonymous_4)
DA:7,0
DA:8,0
DA:14,0
DA:18,0
DA:31,0
DA:47,0
DA:69,0
LF:7
LH:0
BRF:0
BRH:0
end_of_record
TN:
SF:app/(auth)/welcome.tsx
FN:7,WelcomeScreen
FN:27,(anonymous_1)
FN:34,(anonymous_2)
FN:48,FeatureItem
FNF:4
FNH:0
FNDA:0,WelcomeScreen
FNDA:0,(anonymous_1)
FNDA:0,(anonymous_2)
FNDA:0,FeatureItem
DA:8,0
DA:27,0
DA:34,0
DA:49,0
DA:57,0
LF:5
LH:0
BRF:0
BRH:0
end_of_record
TN:
SF:app/(tabs)/_layout.tsx
FN:6,TabsLayout
FN:40,(anonymous_1)
FN:47,(anonymous_2)
FN:54,(anonymous_3)
FN:61,(anonymous_4)
FN:68,(anonymous_5)
FN:84,(anonymous_6)
FN:91,(anonymous_7)
FN:98,(anonymous_8)
FN:105,(anonymous_9)
FN:112,(anonymous_10)
FN:127,TabIcon
FNF:12
FNH:0
FNDA:0,TabsLayout
FNDA:0,(anonymous_1)
FNDA:0,(anonymous_2)
FNDA:0,(anonymous_3)
FNDA:0,(anonymous_4)
FNDA:0,(anonymous_5)
FNDA:0,(anonymous_6)
FNDA:0,(anonymous_7)
FNDA:0,(anonymous_8)
FNDA:0,(anonymous_9)
FNDA:0,(anonymous_10)
FNDA:0,TabIcon
DA:7,0
DA:9,0
DA:10,0
DA:13,0
DA:15,0
DA:40,0
DA:47,0
DA:54,0
DA:61,0
DA:68,0
DA:84,0
DA:91,0
DA:98,0
DA:105,0
DA:112,0
DA:128,0
LF:16
LH:0
BRDA:9,0,0,0
BRDA:9,0,1,0
BRDA:9,1,0,0
BRDA:9,1,1,0
BRDA:34,2,0,0
BRDA:34,2,1,0
BRDA:128,3,0,0
BRDA:128,3,1,0
BRF:8
BRH:0
end_of_record
TN:
SF:app/(tabs)/female/calendar.tsx
FN:9,CalendarScreen
FN:12,(anonymous_1)
FN:18,(anonymous_2)
FN:30,(anonymous_3)
FN:44,(anonymous_4)
FN:54,(anonymous_5)
FN:71,(anonymous_6)
FN:84,(anonymous_7)
FN:99,(anonymous_8)
FNF:9
FNH:0
FNDA:0,CalendarScreen
FNDA:0,(anonymous_1)
FNDA:0,(anonymous_2)
FNDA:0,(anonymous_3)
FNDA:0,(anonymous_4)
FNDA:0,(anonymous_5)
FNDA:0,(anonymous_6)
FNDA:0,(anonymous_7)
FNDA:0,(anonymous_8)
DA:6,0
DA:7,0
DA:10,0
DA:12,0
DA:13,0
DA:14,0
DA:15,0
DA:18,0
DA:19,0
DA:20,0
DA:21,0
DA:24,0
DA:30,0
DA:31,0
DA:32,0
DA:33,0
DA:36,0
DA:37,0
DA:41,0
DA:42,0
DA:43,0
DA:44,0
DA:46,0
DA:54,0
DA:68,0
DA:71,0
DA:73,0
DA:85,0
DA:100,0
DA:136,0
LF:30
LH:0
BRDA:51,0,0,0
BRDA:51,0,1,0
BRDA:52,1,0,0
BRDA:52,1,1,0
BRDA:58,2,0,0
BRDA:58,2,1,0
BRDA:59,3,0,0
BRDA:59,3,1,0
BRDA:63,4,0,0
BRDA:63,4,1,0
BRDA:95,5,0,0
BRDA:95,5,1,0
BRDA:98,6,0,0
BRDA:98,6,1,0
BRF:14
BRH:0
end_of_record
TN:
SF:app/(tabs)/female/earnings.tsx
FN:21,EarningsScreen
FN:34,(anonymous_1)
FN:64,(anonymous_2)
FNF:3
FNH:0
FNDA:0,EarningsScreen
FNDA:0,(anonymous_1)
FNDA:0,(anonymous_2)
DA:7,0
DA:14,0
DA:22,0
DA:65,0
DA:114,0
LF:5
LH:0
BRDA:68,0,0,0
BRDA:68,0,1,0
BRDA:79,1,0,0
BRDA:79,1,1,0
BRDA:85,2,0,0
BRDA:85,2,1,0
BRF:6
BRH:0
end_of_record
TN:
SF:app/(tabs)/female/index.tsx
FN:8,FemaleDashboard
FN:102,RequestItem
FNF:2
FNH:0
FNDA:0,FemaleDashboard
FNDA:0,RequestItem
DA:9,0
DA:11,0
DA:18,0
DA:115,0
DA:133,0
LF:5
LH:0
BRF:0
BRH:0
end_of_record
TN:
SF:app/(tabs)/female/profile.tsx
FN:10,FemaleProfileScreen
FN:13,(anonymous_1)
FN:49,(anonymous_2)
FN:61,(anonymous_3)
FN:106,MenuItem
FNF:5
FNH:0
FNDA:0,FemaleProfileScreen
FNDA:0,(anonymous_1)
FNDA:0,(anonymous_2)
FNDA:0,(anonymous_3)
FNDA:0,MenuItem
DA:11,0
DA:13,0
DA:14,0
DA:15,0
DA:18,0
DA:62,0
DA:107,0
DA:116,0
LF:8
LH:0
BRF:0
BRH:0
end_of_record
TN:
SF:app/(tabs)/female/requests.tsx
FN:25,RequestsScreen
FN:35,(anonymous_1)
FN:39,(anonymous_2)
FN:50,(anonymous_3)
FN:62,RequestCard
FN:88,(anonymous_5)
FN:96,(anonymous_6)
FN:107,(anonymous_7)
FN:114,(anonymous_8)
FNF:9
FNH:0
FNDA:0,RequestsScreen
FNDA:0,(anonymous_1)
FNDA:0,(anonymous_2)
FNDA:0,(anonymous_3)
FNDA:0,RequestCard
FNDA:0,(anonymous_5)
FNDA:0,(anonymous_6)
FNDA:0,(anonymous_7)
FNDA:0,(anonymous_8)
DA:10,0
DA:26,0
DA:28,0
DA:36,0
DA:39,0
DA:51,0
DA:63,0
DA:131,0
LF:8
LH:0
BRDA:38,0,0,0
BRDA:38,0,1,0
BRDA:41,1,0,0
BRDA:41,1,1,0
BRDA:43,2,0,0
BRDA:43,2,1,0
BRDA:78,3,0,0
BRDA:78,3,1,0
BRDA:84,4,0,0
BRDA:84,4,1,0
BRDA:103,5,0,0
BRDA:103,5,1,0
BRDA:121,6,0,0
BRDA:121,6,1,0
BRDA:121,6,2,0
BRF:15
BRH:0
end_of_record
TN:
SF:app/(tabs)/male/bookings.tsx
FN:24,BookingsScreen
FN:34,(anonymous_1)
FN:38,(anonymous_2)
FN:63,(anonymous_3)
FN:72,BookingCard
FN:98,(anonymous_5)
FN:105,(anonymous_6)
FN:128,(anonymous_7)
FNF:8
FNH:0
FNDA:0,BookingsScreen
FNDA:0,(anonymous_1)
FNDA:0,(anonymous_2)
FNDA:0,(anonymous_3)
FNDA:0,BookingCard
FNDA:0,(anonymous_5)
FNDA:0,(anonymous_6)
FNDA:0,(anonymous_7)
DA:10,0
DA:25,0
DA:27,0
DA:35,0
DA:38,0
DA:64,0
DA:73,0
DA:139,0
LF:8
LH:0
BRDA:37,0,0,0
BRDA:37,0,1,0
BRDA:40,1,0,0
BRDA:40,1,1,0
BRDA:42,2,0,0
BRDA:42,2,1,0
BRDA:42,2,2,0
BRDA:49,3,0,0
BRDA:49,3,1,0
BRDA:54,4,0,0
BRDA:54,4,1,0
BRDA:56,5,0,0
BRDA:56,5,1,0
BRDA:84,6,0,0
BRDA:84,6,1,0
BRDA:94,7,0,0
BRDA:94,7,1,0
BRDA:112,8,0,0
BRDA:112,8,1,0
BRDA:121,9,0,0
BRDA:121,9,1,0
BRDA:124,10,0,0
BRDA:124,10,1,0
BRDA:125,11,0,0
BRDA:125,11,1,0
BRF:25
BRH:0
end_of_record
TN:
SF:app/(tabs)/male/browse.tsx
FN:18,BrowseScreen
FN:48,(anonymous_1)
FN:52,(anonymous_2)
FN:62,(anonymous_3)
FN:85,(anonymous_4)
FN:92,(anonymous_5)
FNF:6
FNH:0
FNDA:0,BrowseScreen
FNDA:0,(anonymous_1)
FNDA:0,(anonymous_2)
FNDA:0,(anonymous_3)
FNDA:0,(anonymous_4)
FNDA:0,(anonymous_5)
DA:8,0
DA:16,0
DA:19,0
DA:20,0
DA:22,0
DA:49,0
DA:52,0
DA:63,0
DA:104,0
LF:9
LH:0
BRDA:51,0,0,0
BRDA:51,0,1,0
BRDA:54,1,0,0
BRDA:54,1,1,0
BRF:4
BRH:0
end_of_record
TN:
SF:app/(tabs)/male/index.tsx
FN:19,MaleDashboard
FN:45,(anonymous_1)
FN:73,(anonymous_2)
FN:121,ActivityCard
FN:131,StepItem
FNF:5
FNH:0
FNDA:0,MaleDashboard
FNDA:0,(anonymous_1)
FNDA:0,(anonymous_2)
FNDA:0,ActivityCard
FNDA:0,StepItem
DA:9,0
DA:15,0
DA:20,0
DA:22,0
DA:46,0
DA:74,0
DA:122,0
DA:132,0
DA:145,0
LF:9
LH:0
BRDA:42,0,0,0
BRDA:42,0,1,0
BRF:2
BRH:0
end_of_record
TN:
SF:app/(tabs)/male/messages.tsx
FN:13,MessagesScreen
FN:30,(anonymous_1)
FNF:2
FNH:0
FNDA:0,MessagesScreen
FNDA:0,(anonymous_1)
DA:6,0
DA:14,0
DA:31,0
DA:60,0
LF:4
LH:0
BRDA:21,0,0,0
BRDA:21,0,1,0
BRDA:40,1,0,0
BRDA:40,1,1,0
BRDA:45,2,0,0
BRDA:45,2,1,0
BRF:6
BRH:0
end_of_record
TN:
SF:app/(tabs)/male/profile.tsx
FN:10,MaleProfileScreen
FN:13,(anonymous_1)
FN:61,(anonymous_2)
FN:123,MenuItem
FNF:4
FNH:0
FNDA:0,MaleProfileScreen
FNDA:0,(anonymous_1)
FNDA:0,(anonymous_2)
FNDA:0,MenuItem
DA:11,0
DA:13,0
DA:14,0
DA:15,0
DA:18,0
DA:23,0
DA:124,0
DA:134,0
LF:8
LH:0
BRDA:128,0,0,0
BRDA:128,0,1,0
BRF:2
BRH:0
end_of_record
TN:
SF:src/components/Avatar.tsx
FN:12,Avatar
FN:14,(anonymous_1)
FNF:2
FNH:2
FNDA:10,Avatar
FNDA:16,(anonymous_1)
DA:13,10
DA:14,16
DA:17,10
DA:38,1
LF:4
LH:4
BRDA:12,0,0,0
BRDA:12,1,0,8
BRDA:13,2,0,9
BRDA:13,2,1,1
BRDA:19,3,0,0
BRDA:19,3,1,10
BRDA:29,4,0,10
BRDA:29,4,1,1
BRF:8
BRH:6
end_of_record
TN:
SF:src/components/Button.tsx
FN:18,Button
FNF:1
FNH:1
FNDA:14,Button
DA:30,14
DA:39,14
DA:47,14
DA:66,1
LF:4
LH:4
BRDA:21,0,0,10
BRDA:22,1,0,11
BRDA:23,2,0,12
BRDA:24,3,0,12
BRDA:25,4,0,13
BRDA:34,5,0,14
BRDA:34,5,1,1
BRDA:35,6,0,14
BRDA:35,6,1,2
BRDA:43,7,0,14
BRDA:43,7,1,2
BRDA:51,8,0,14
BRDA:51,8,1,12
BRDA:54,9,0,2
BRDA:54,9,1,12
BRDA:55,10,0,0
BRDA:55,10,1,2
BRF:17
BRH:16
end_of_record
TN:
SF:src/components/Card.tsx
FN:11,Card
FNF:1
FNH:1
FNDA:3,Card
DA:12,3
DA:19,1
LF:2
LH:2
BRDA:11,0,0,3
BRF:1
BRH:1
end_of_record
TN:
SF:src/constants/theme.ts
FNF:0
FNH:0
DA:1,3
DA:62,3
DA:71,3
DA:79,3
LF:4
LH:4
BRF:0
BRH:0
end_of_record
TN:
SF:src/store/authStore.ts
FN:18,(anonymous_0)
FN:24,(anonymous_1)
FN:26,(anonymous_2)
FN:28,(anonymous_3)
FN:30,(anonymous_4)
FNF:5
FNH:5
FNDA:1,(anonymous_0)
FNDA:12,(anonymous_1)
FNDA:1,(anonymous_2)
FNDA:2,(anonymous_3)
FNDA:3,(anonymous_4)
DA:18,1
DA:24,12
DA:26,1
DA:28,2
DA:31,3
DA:62,3
LF:6
LH:6
BRDA:31,0,0,2
BRDA:31,0,1,1
BRF:2
BRH:2
end_of_record
TN:
SF:src/types/index.ts
FNF:0
FNH:0
LF:0
LH:0
BRF:0
BRH:0
end_of_record
